2016-01-21T00:34:52.044-0800 I JOURNAL  [initandlisten] journal dir=./data/db/journal
2016-01-21T00:34:52.044-0800 I JOURNAL  [initandlisten] recover : no journal files present, no recovery needed
2016-01-21T00:34:52.058-0800 I JOURNAL  [durability] Durability thread started
2016-01-21T00:34:52.058-0800 I CONTROL  [initandlisten] MongoDB starting : pid=63327 port=6001 dbpath=./data/db 64-bit host=Shaokes-MacBook-Pro-2.local
2016-01-21T00:34:52.058-0800 I JOURNAL  [journal writer] Journal writer thread started
2016-01-21T00:34:52.058-0800 I CONTROL  [initandlisten] db version v3.0.3
2016-01-21T00:34:52.058-0800 I CONTROL  [initandlisten] git version: nogitversion
2016-01-21T00:34:52.058-0800 I CONTROL  [initandlisten] build info: Darwin yosemitevm.local 14.3.0 Darwin Kernel Version 14.3.0: Mon Mar 23 11:59:05 PDT 2015; root:xnu-2782.20.48~5/RELEASE_X86_64 x86_64 BOOST_LIB_VERSION=1_49
2016-01-21T00:34:52.058-0800 I CONTROL  [initandlisten] allocator: system
2016-01-21T00:34:52.058-0800 I CONTROL  [initandlisten] options: { net: { port: 6001 }, storage: { dbPath: "./data/db" } }
2016-01-21T00:34:52.074-0800 I NETWORK  [initandlisten] waiting for connections on port 6001
2016-01-21T00:35:03.238-0800 I CONTROL  [signalProcessingThread] got signal 2 (Interrupt: 2), will terminate after current cmd ends
2016-01-21T00:35:03.238-0800 I CONTROL  [signalProcessingThread] now exiting
2016-01-21T00:35:03.238-0800 I NETWORK  [signalProcessingThread] shutdown: going to close listening sockets...
2016-01-21T00:35:03.238-0800 I NETWORK  [signalProcessingThread] closing listening socket: 6
2016-01-21T00:35:03.238-0800 I NETWORK  [signalProcessingThread] closing listening socket: 7
2016-01-21T00:35:03.238-0800 I NETWORK  [signalProcessingThread] removing socket file: /tmp/mongodb-6001.sock
2016-01-21T00:35:03.238-0800 I NETWORK  [signalProcessingThread] shutdown: going to flush diaglog...
2016-01-21T00:35:03.238-0800 I NETWORK  [signalProcessingThread] shutdown: going to close sockets...
2016-01-21T00:35:03.238-0800 I STORAGE  [signalProcessingThread] shutdown: waiting for fs preallocator...
2016-01-21T00:35:03.238-0800 I STORAGE  [signalProcessingThread] shutdown: final commit...
2016-01-21T00:35:03.243-0800 I JOURNAL  [signalProcessingThread] journalCleanup...
2016-01-21T00:35:03.243-0800 I JOURNAL  [signalProcessingThread] removeJournalFiles
2016-01-21T00:35:03.243-0800 I JOURNAL  [signalProcessingThread] Terminating durability thread ...
2016-01-21T00:35:03.353-0800 I JOURNAL  [journal writer] Journal writer thread stopped
2016-01-21T00:35:03.353-0800 I JOURNAL  [durability] Durability thread stopped
2016-01-21T00:35:03.353-0800 I STORAGE  [signalProcessingThread] shutdown: closing all files...
2016-01-21T00:35:03.354-0800 I STORAGE  [signalProcessingThread] closeAllFiles() finished
2016-01-21T00:35:03.354-0800 I STORAGE  [signalProcessingThread] shutdown: removing fs lock...
2016-01-21T00:35:03.354-0800 I CONTROL  [signalProcessingThread] dbexit:  rc: 0
